[debug] [2018-04-05T15:12:06.571Z] ----------------------------------------------------------------------
[debug] [2018-04-05T15:12:06.583Z] Command:       C:\Program Files\nodejs\node.exe C:\Users\Zachary\AppData\Roaming\npm\node_modules\firebase-tools\bin\firebase serve
[debug] [2018-04-05T15:12:06.586Z] CLI Version:   3.18.0
[debug] [2018-04-05T15:12:06.586Z] Platform:      win32
[debug] [2018-04-05T15:12:06.586Z] Node Version:  v6.11.4
[debug] [2018-04-05T15:12:06.601Z] Time:          Thu Apr 05 2018 10:12:06 GMT-0500 (Central Daylight Time)
[debug] [2018-04-05T15:12:06.602Z] ----------------------------------------------------------------------
[debug] 
[debug] [2018-04-05T15:12:06.824Z] > command requires scopes: ["email","openid","https://www.googleapis.com/auth/cloudplatformprojects.readonly","https://www.googleapis.com/auth/firebase","https://www.googleapis.com/auth/cloud-platform"]
[debug] [2018-04-05T15:12:06.826Z] > authorizing via signed-in user
[debug] [2018-04-05T15:12:06.833Z] > refreshing access token with scopes: ["email","https://www.googleapis.com/auth/cloud-platform","https://www.googleapis.com/auth/cloudplatformprojects.readonly","https://www.googleapis.com/auth/firebase","openid"]
[debug] [2018-04-05T15:12:06.834Z] >>> HTTP REQUEST POST https://www.googleapis.com/oauth2/v3/token  
 { refresh_token: '1/EgV7BgdIdZ7R2RH_qL0pyj__sYQN7angmHkEbq7rE1s',
  client_id: '563584335869-fgrhgmd47bqnekij5i8b5pr03ho849e6.apps.googleusercontent.com',
  client_secret: 'j9iVZfS8kkCEFUPaAeJV0sAi',
  grant_type: 'refresh_token',
  scope: 'email https://www.googleapis.com/auth/cloud-platform https://www.googleapis.com/auth/cloudplatformprojects.readonly https://www.googleapis.com/auth/firebase openid' } 
 Thu Apr 05 2018 10:12:06 GMT-0500 (Central Daylight Time)
[debug] [2018-04-05T15:12:07.282Z] <<< HTTP RESPONSE 200
[debug] [2018-04-05T15:12:07.324Z] >>> HTTP REQUEST GET https://admin.firebase.com/v1/projects/test-project-2c25b  
  
 Thu Apr 05 2018 10:12:07 GMT-0500 (Central Daylight Time)
[debug] [2018-04-05T15:12:07.835Z] <<< HTTP RESPONSE 200
[debug] [2018-04-05T15:12:07.837Z] >>> HTTP REQUEST GET https://admin.firebase.com/v1/database/test-project-2c25b/tokens  
  
 Thu Apr 05 2018 10:12:07 GMT-0500 (Central Daylight Time)
[debug] [2018-04-05T15:12:08.231Z] <<< HTTP RESPONSE 200
[debug] [2018-04-05T15:12:08.235Z] >>> HTTP REQUEST GET https://cloudresourcemanager.googleapis.com/v1/projects/test-project-2c25b  
  
 Thu Apr 05 2018 10:12:08 GMT-0500 (Central Daylight Time)
[debug] [2018-04-05T15:12:08.600Z] <<< HTTP RESPONSE 200
[info] 
[info] === Serving from 'C:\Users\Zachary\LocalDev\test-pwa'...
[info] 
[info] i  functions: Preparing to emulate functions.
[debug] [2018-04-05T15:12:23.075Z] Fetching environment
[debug] [2018-04-05T15:12:23.089Z] >>> HTTP REQUEST GET https://mobilesdk-pa.googleapis.com/v1/projects/392291890373:getServerAppConfig  
  
 Thu Apr 05 2018 10:12:23 GMT-0500 (Central Daylight Time)
[debug] [2018-04-05T15:12:23.092Z] >>> HTTP REQUEST GET https://mobilesdk-pa.googleapis.com/v1/projects/392291890373/clients/_:getWebAppConfig  
  
 Thu Apr 05 2018 10:12:23 GMT-0500 (Central Daylight Time)
[debug] [2018-04-05T15:12:23.483Z] <<< HTTP RESPONSE 200
[debug] [2018-04-05T15:12:23.484Z] Starting @google-cloud/functions-emulator
[debug] [2018-04-05T15:12:23.616Z] <<< HTTP RESPONSE 200
[warn] !  functions: Error from emulator. Error: Emulator crashed! Check the log file...
[debug] [2018-04-05T15:12:23.949Z] Error: Emulator crashed! Check the log file...
    at ChildProcess.child.on (C:\Users\Zachary\AppData\Roaming\npm\node_modules\firebase-tools\node_modules\@google-cloud\functions-emulator\src\cli\controller.js:650:24)
    at emitTwo (events.js:106:13)
    at ChildProcess.emit (events.js:191:7)
    at Process.ChildProcess._handle.onexit (internal/child_process.js:219:12)
[info] i  hosting: Serving hosting files from: public
[info] +  hosting: Local server: http://localhost:5000

